2025-06-10 21:28:31,172 - Worker-1 - src.processor - INFO - Initialized processor pool with 3 processors
2025-06-10 21:28:31,172 - Worker-1 - src.worker - INFO - Worker 1 initialized
2025-06-10 21:28:31,172 - Worker-1 - src.worker - INFO - Worker 1 starting
2025-06-10 21:28:32,174 - Worker-1 - src.worker - ERROR - Worker 1: Error in main loop: 
2025-06-10 21:28:34,204 - Worker-1 - src.worker - ERROR - Worker 1: Error in main loop: 
2025-06-10 21:28:36,220 - Worker-1 - src.worker - ERROR - Worker 1: Error in main loop: 
2025-06-10 21:28:38,232 - Worker-1 - src.worker - ERROR - Worker 1: Error in main loop: 
2025-06-10 21:28:40,245 - Worker-1 - src.worker - ERROR - Worker 1: Error in main loop: 
2025-06-10 21:28:42,266 - Worker-1 - src.worker - ERROR - Worker 1: Error in main loop: 
2025-06-10 21:28:44,297 - Worker-1 - src.worker - ERROR - Worker 1: Error in main loop: 
2025-06-10 21:28:45,304 - Worker-1 - src.worker - INFO - Worker 1: Received shutdown signal
2025-06-10 21:28:45,305 - Worker-1 - src.worker - INFO - Worker 1: Final stats - Processed: 0, Failed: 0
2025-06-10 21:28:45,557 - Worker-1 - src.storage - INFO - Storage finalized. Total batches: 0
2025-06-10 21:28:45,557 - Worker-1 - src.worker - INFO - Worker 1 cleaned up
2025-06-10 21:36:38,167 - Worker-1 - src.processor - INFO - Initialized processor pool with 3 processors
2025-06-10 21:36:38,169 - Worker-1 - src.worker - INFO - Worker 1 initialized
2025-06-10 21:36:38,169 - Worker-1 - src.worker - INFO - Worker 1 starting
2025-06-10 21:36:39,174 - Worker-1 - src.worker - ERROR - Worker 1: Error in main loop: 
2025-06-10 21:36:41,203 - Worker-1 - src.worker - ERROR - Worker 1: Error in main loop: 
2025-06-10 21:36:43,221 - Worker-1 - src.worker - ERROR - Worker 1: Error in main loop: 
2025-06-10 21:36:45,236 - Worker-1 - src.worker - ERROR - Worker 1: Error in main loop: 
2025-06-10 21:36:47,244 - Worker-1 - src.worker - ERROR - Worker 1: Error in main loop: 
2025-06-10 21:36:49,263 - Worker-1 - src.worker - ERROR - Worker 1: Error in main loop: 
2025-06-10 21:36:51,274 - Worker-1 - src.worker - ERROR - Worker 1: Error in main loop: 
2025-06-10 21:36:52,282 - Worker-1 - src.worker - INFO - Worker 1: Received shutdown signal
2025-06-10 21:36:52,282 - Worker-1 - src.worker - INFO - Worker 1: Final stats - Processed: 0, Failed: 0
2025-06-10 21:36:52,548 - Worker-1 - src.storage - INFO - Storage finalized. Total batches: 0
2025-06-10 21:36:52,550 - Worker-1 - src.worker - INFO - Worker 1 cleaned up
2025-06-10 21:44:45,454 - Worker-1 - src.processor - INFO - Initialized processor pool with 3 processors
2025-06-10 21:44:45,454 - Worker-1 - src.worker - INFO - Worker 1 initialized
2025-06-10 21:44:45,454 - Worker-1 - src.worker - INFO - Worker 1 starting
2025-06-10 21:44:59,355 - Worker-1 - src.worker - INFO - Worker 1: Received shutdown signal
2025-06-10 21:44:59,355 - Worker-1 - src.worker - INFO - Worker 1: Final stats - Processed: 0, Failed: 0
2025-06-10 21:44:59,607 - Worker-1 - src.storage - INFO - Storage finalized. Total batches: 0
2025-06-10 21:44:59,608 - Worker-1 - src.worker - INFO - Worker 1 cleaned up
2025-06-10 21:53:42,530 - Worker-1 - src.processor - INFO - Initialized processor pool with 3 processors
2025-06-10 21:53:42,530 - Worker-1 - src.worker - INFO - Worker 1 initialized
2025-06-10 21:53:42,530 - Worker-1 - src.worker - INFO - Worker 1 starting
2025-06-10 21:53:45,264 - Worker-1 - src.worker - INFO - Worker 1: Processing batch 0 with 50 studies
2025-06-10 21:53:45,264 - Worker-1 - src.processor - INFO - Starting analysis for study 98103 - 1,3-Dimethylamylamine
2025-06-10 21:53:45,273 - Worker-1 - src.processor - INFO - Starting analysis for study 1391 - 5-HTP
2025-06-10 21:53:45,274 - Worker-1 - src.processor - INFO - Starting analysis for study 1392 - 5-HTP
2025-06-10 21:53:55,845 - Worker-1 - src.processor - INFO - Successfully analyzed study 1392
2025-06-10 21:53:55,845 - Worker-1 - src.processor - INFO - Starting analysis for study 1393 - 5-HTP
2025-06-10 21:53:56,626 - Worker-1 - src.processor - INFO - Successfully analyzed study 98103
2025-06-10 21:53:56,642 - Worker-1 - src.processor - INFO - Starting analysis for study 1394 - 5-HTP
2025-06-10 21:53:59,871 - Worker-1 - src.processor - INFO - Successfully analyzed study 1391
2025-06-10 21:53:59,871 - Worker-1 - src.processor - INFO - Starting analysis for study 1395 - 5-HTP
2025-06-10 21:54:09,215 - Worker-1 - src.processor - INFO - Successfully analyzed study 1393
2025-06-10 21:54:09,215 - Worker-1 - src.processor - INFO - Starting analysis for study 1396 - 5-HTP
2025-06-10 21:54:11,530 - Worker-1 - src.processor - INFO - Successfully analyzed study 1395
2025-06-10 21:54:11,530 - Worker-1 - src.processor - INFO - Starting analysis for study 1397 - 5-HTP
2025-06-10 21:54:11,698 - Worker-1 - src.processor - INFO - Successfully analyzed study 1394
2025-06-10 21:54:11,700 - Worker-1 - src.processor - INFO - Starting analysis for study 1398 - 5-HTP
2025-06-10 21:54:20,935 - Worker-1 - src.processor - INFO - Successfully analyzed study 1396
2025-06-10 21:54:20,935 - Worker-1 - src.processor - INFO - Starting analysis for study 1399 - 5-HTP
2025-06-10 21:54:24,030 - Worker-1 - src.processor - INFO - Successfully analyzed study 1397
2025-06-10 21:54:24,030 - Worker-1 - src.processor - INFO - Starting analysis for study 1401 - 5-HTP
2025-06-10 21:54:25,090 - Worker-1 - src.processor - INFO - Successfully analyzed study 1398
2025-06-10 21:54:25,097 - Worker-1 - src.processor - INFO - Starting analysis for study 1402 - 5-HTP
